-------------------------------------------------------------------------------
Test set: com.fiftyhrtz.phone.domain.LogUserRoleIntegrationTest
-------------------------------------------------------------------------------
Tests run: 9, Failures: 0, Errors: 1, Skipped: 0, Time elapsed: 6.167 sec <<< FAILURE!
testRemove(com.fiftyhrtz.phone.domain.LogUserRoleIntegrationTest)  Time elapsed: 0.034 sec  <<< ERROR!
org.springframework.orm.jpa.JpaOptimisticLockingFailureException: org.hibernate.StaleObjectStateException: Row was updated or deleted by another transaction (or unsaved-value mapping was incorrect): [com.fiftyhrtz.phone.domain.LogUserRole#2]; nested exception is javax.persistence.OptimisticLockException: org.hibernate.StaleObjectStateException: Row was updated or deleted by another transaction (or unsaved-value mapping was incorrect): [com.fiftyhrtz.phone.domain.LogUserRole#2]
	at org.springframework.orm.jpa.EntityManagerFactoryUtils.convertJpaAccessExceptionIfPossible(EntityManagerFactoryUtils.java:310)
	at org.springframework.orm.jpa.aspectj.JpaExceptionTranslatorAspect.ajc$afterThrowing$org_springframework_orm_jpa_aspectj_JpaExceptionTranslatorAspect$1$18a1ac9(JpaExceptionTranslatorAspect.aj:33)
	at com.fiftyhrtz.phone.domain.LogUserRole_Roo_Jpa_ActiveRecord.flush_aroundBody14(LogUserRole_Roo_Jpa_ActiveRecord.aj:60)
	at com.fiftyhrtz.phone.domain.LogUserRole_Roo_Jpa_ActiveRecord$AjcClosure15.run(LogUserRole_Roo_Jpa_ActiveRecord.aj:1)
	at org.springframework.transaction.aspectj.AbstractTransactionAspect.ajc$around$org_springframework_transaction_aspectj_AbstractTransactionAspect$1$2a73e96cproceed(AbstractTransactionAspect.aj:59)
	at org.springframework.transaction.aspectj.AbstractTransactionAspect$AbstractTransactionAspect$1.proceedWithInvocation(AbstractTransactionAspect.aj:65)
	at org.springframework.transaction.interceptor.TransactionAspectSupport.invokeWithinTransaction(TransactionAspectSupport.java:260)
	at org.springframework.transaction.aspectj.AbstractTransactionAspect.ajc$around$org_springframework_transaction_aspectj_AbstractTransactionAspect$1$2a73e96c(AbstractTransactionAspect.aj:63)
	at com.fiftyhrtz.phone.domain.LogUserRole_Roo_Jpa_ActiveRecord.ajc$interMethod$com_fiftyhrtz_phone_domain_LogUserRole_Roo_Jpa_ActiveRecord$com_fiftyhrtz_phone_domain_LogUserRole$flush(LogUserRole_Roo_Jpa_ActiveRecord.aj:58)
	at com.fiftyhrtz.phone.domain.LogUserRole.flush(LogUserRole.java:1)
	at com.fiftyhrtz.phone.domain.LogUserRoleIntegrationTest_Roo_IntegrationTest.ajc$interMethod$com_fiftyhrtz_phone_domain_LogUserRoleIntegrationTest_Roo_IntegrationTest$com_fiftyhrtz_phone_domain_LogUserRoleIntegrationTest$testRemove(LogUserRoleIntegrationTest_Roo_IntegrationTest.aj:129)
	at com.fiftyhrtz.phone.domain.LogUserRoleIntegrationTest.testRemove(LogUserRoleIntegrationTest.java:1)
	at sun.reflect.NativeMethodAccessorImpl.invoke0(Native Method)
	at sun.reflect.NativeMethodAccessorImpl.invoke(NativeMethodAccessorImpl.java:57)
	at sun.reflect.DelegatingMethodAccessorImpl.invoke(DelegatingMethodAccessorImpl.java:43)
	at java.lang.reflect.Method.invoke(Method.java:606)
	at org.junit.runners.model.FrameworkMethod$1.runReflectiveCall(FrameworkMethod.java:47)
	at org.junit.internal.runners.model.ReflectiveCallable.run(ReflectiveCallable.java:12)
	at org.junit.runners.model.FrameworkMethod.invokeExplosively(FrameworkMethod.java:44)
	at org.junit.internal.runners.statements.InvokeMethod.evaluate(InvokeMethod.java:17)
	at org.springframework.test.context.junit4.statements.RunBeforeTestMethodCallbacks.evaluate(RunBeforeTestMethodCallbacks.java:74)
	at org.springframework.test.context.junit4.statements.RunAfterTestMethodCallbacks.evaluate(RunAfterTestMethodCallbacks.java:83)
	at org.springframework.test.context.junit4.statements.SpringRepeat.evaluate(SpringRepeat.java:72)
	at org.springframework.test.context.junit4.SpringJUnit4ClassRunner.runChild(SpringJUnit4ClassRunner.java:231)
	at org.springframework.test.context.junit4.SpringJUnit4ClassRunner.runChild(SpringJUnit4ClassRunner.java:88)
	at org.junit.runners.ParentRunner$3.run(ParentRunner.java:238)
	at org.junit.runners.ParentRunner$1.schedule(ParentRunner.java:63)
	at org.junit.runners.ParentRunner.runChildren(ParentRunner.java:236)
	at org.junit.runners.ParentRunner.access$000(ParentRunner.java:53)
	at org.junit.runners.ParentRunner$2.evaluate(ParentRunner.java:229)
	at org.springframework.test.context.junit4.statements.RunBeforeTestClassCallbacks.evaluate(RunBeforeTestClassCallbacks.java:61)
	at org.springframework.test.context.junit4.statements.RunAfterTestClassCallbacks.evaluate(RunAfterTestClassCallbacks.java:71)
	at org.junit.runners.ParentRunner.run(ParentRunner.java:309)
	at org.springframework.test.context.junit4.SpringJUnit4ClassRunner.run(SpringJUnit4ClassRunner.java:174)
	at org.apache.maven.surefire.junit4.JUnit4Provider.execute(JUnit4Provider.java:236)
	at org.apache.maven.surefire.junit4.JUnit4Provider.executeTestSet(JUnit4Provider.java:134)
	at org.apache.maven.surefire.junit4.JUnit4Provider.invoke(JUnit4Provider.java:113)
	at sun.reflect.NativeMethodAccessorImpl.invoke0(Native Method)
	at sun.reflect.NativeMethodAccessorImpl.invoke(NativeMethodAccessorImpl.java:57)
	at sun.reflect.DelegatingMethodAccessorImpl.invoke(DelegatingMethodAccessorImpl.java:43)
	at java.lang.reflect.Method.invoke(Method.java:606)
	at org.apache.maven.surefire.util.ReflectionUtils.invokeMethodWithArray(ReflectionUtils.java:189)
	at org.apache.maven.surefire.booter.ProviderFactory$ProviderProxy.invoke(ProviderFactory.java:165)
	at org.apache.maven.surefire.booter.ProviderFactory.invokeProvider(ProviderFactory.java:85)
	at org.apache.maven.surefire.booter.ForkedBooter.runSuitesInProcess(ForkedBooter.java:103)
	at org.apache.maven.surefire.booter.ForkedBooter.main(ForkedBooter.java:74)
Caused by: javax.persistence.OptimisticLockException: org.hibernate.StaleObjectStateException: Row was updated or deleted by another transaction (or unsaved-value mapping was incorrect): [com.fiftyhrtz.phone.domain.LogUserRole#2]
	at org.hibernate.ejb.AbstractEntityManagerImpl.wrapStaleStateException(AbstractEntityManagerImpl.java:1420)
	at org.hibernate.ejb.AbstractEntityManagerImpl.convert(AbstractEntityManagerImpl.java:1329)
	at org.hibernate.ejb.AbstractEntityManagerImpl.convert(AbstractEntityManagerImpl.java:1310)
	at org.hibernate.ejb.AbstractEntityManagerImpl.convert(AbstractEntityManagerImpl.java:1316)
	at org.hibernate.ejb.AbstractEntityManagerImpl.flush(AbstractEntityManagerImpl.java:999)
	at sun.reflect.NativeMethodAccessorImpl.invoke0(Native Method)
	at sun.reflect.NativeMethodAccessorImpl.invoke(NativeMethodAccessorImpl.java:57)
	at sun.reflect.DelegatingMethodAccessorImpl.invoke(DelegatingMethodAccessorImpl.java:43)
	at java.lang.reflect.Method.invoke(Method.java:606)
	at org.springframework.orm.jpa.SharedEntityManagerCreator$SharedEntityManagerInvocationHandler.invoke(SharedEntityManagerCreator.java:241)
	at com.sun.proxy.$Proxy31.flush(Unknown Source)
	... 44 more
Caused by: org.hibernate.StaleObjectStateException: Row was updated or deleted by another transaction (or unsaved-value mapping was incorrect): [com.fiftyhrtz.phone.domain.LogUserRole#2]
	at org.hibernate.persister.entity.AbstractEntityPersister.check(AbstractEntityPersister.java:2509)
	at org.hibernate.persister.entity.AbstractEntityPersister.delete(AbstractEntityPersister.java:3346)
	at org.hibernate.persister.entity.AbstractEntityPersister.delete(AbstractEntityPersister.java:3546)
	at org.hibernate.action.internal.EntityDeleteAction.execute(EntityDeleteAction.java:100)
	at org.hibernate.engine.spi.ActionQueue.execute(ActionQueue.java:377)
	at org.hibernate.engine.spi.ActionQueue.executeActions(ActionQueue.java:369)
	at org.hibernate.engine.spi.ActionQueue.executeActions(ActionQueue.java:293)
	at org.hibernate.event.internal.AbstractFlushingEventListener.performExecutions(AbstractFlushingEventListener.java:339)
	at org.hibernate.event.internal.DefaultFlushEventListener.onFlush(DefaultFlushEventListener.java:52)
	at org.hibernate.internal.SessionImpl.flush(SessionImpl.java:1234)
	at org.hibernate.ejb.AbstractEntityManagerImpl.flush(AbstractEntityManagerImpl.java:996)
	... 50 more
